[ 2019-01-11T20:33:52+08:00 ][ sql ] [ DB ] CONNECT:[ UseTime:0.012329s ] mysql:host=127.0.0.1;port=3306;dbname=honghai;charset=utf8
[ 2019-01-11T20:33:52+08:00 ][ sql ] [ SQL ] SHOW TABLE STATUS LIKE 'banner' [ RunTime:0.001829s ]
[ 2019-01-11T20:33:52+08:00 ][ sql ] [ SQL ] SHOW TABLE STATUS LIKE 'fa_banner' [ RunTime:0.002030s ]
[ 2019-01-11T20:33:52+08:00 ][ sql ] [ SQL ] SELECT * FROM `information_schema`.`columns` WHERE TABLE_SCHEMA = 'honghai' AND table_name = 'fa_banner' ORDER BY ORDINAL_POSITION [ RunTime:0.038877s ]
[ 2019-01-11T20:33:52+08:00 ][ sql ] [ DB ] CONNECT:[ UseTime:0.003314s ] mysql:host=127.0.0.1;port=3306;dbname=honghai;charset=utf8
[ 2019-01-11T20:33:52+08:00 ][ sql ] [ SQL ] SHOW COLUMNS FROM `fa_auth_rule` [ RunTime:0.025803s ]
[ 2019-01-11T20:33:52+08:00 ][ sql ] [ SQL ] SELECT * FROM `fa_auth_rule` WHERE  `name` = 'banner' LIMIT 1 [ RunTime:0.001817s ]
[ 2019-01-11T20:33:52+08:00 ][ sql ] [ SQL ] SELECT `id` FROM `fa_auth_rule` WHERE  `name` = 'banner/index' LIMIT 1 [ RunTime:0.001429s ]
[ 2019-01-11T20:33:52+08:00 ][ sql ] [ SQL ] SELECT `id` FROM `fa_auth_rule` WHERE  `name` = 'banner/add' LIMIT 1 [ RunTime:0.001636s ]
[ 2019-01-11T20:33:52+08:00 ][ sql ] [ SQL ] SELECT `id` FROM `fa_auth_rule` WHERE  `name` = 'banner/edit' LIMIT 1 [ RunTime:0.003530s ]
[ 2019-01-11T20:33:52+08:00 ][ sql ] [ SQL ] SELECT `id` FROM `fa_auth_rule` WHERE  `name` = 'banner/del' LIMIT 1 [ RunTime:0.001712s ]
[ 2019-01-11T20:33:52+08:00 ][ sql ] [ SQL ] SELECT `id` FROM `fa_auth_rule` WHERE  `name` = 'banner/multi' LIMIT 1 [ RunTime:0.001764s ]
[ 2019-01-11T20:33:52+08:00 ][ sql ] [ SQL ] UPDATE `fa_auth_rule`  SET `pid`=85,`name`='banner/index',`icon`='fa fa-circle-o',`title`='查看',`ismenu`=0,`status`='normal',`updatetime`=1547210032  WHERE  `id` = 86 [ RunTime:0.015323s ]
[ 2019-01-11T20:33:52+08:00 ][ sql ] [ SQL ] UPDATE `fa_auth_rule`  SET `pid`=85,`name`='banner/add',`icon`='fa fa-circle-o',`title`='添加',`ismenu`=0,`status`='normal',`updatetime`=1547210032  WHERE  `id` = 87 [ RunTime:0.002381s ]
[ 2019-01-11T20:33:52+08:00 ][ sql ] [ SQL ] UPDATE `fa_auth_rule`  SET `pid`=85,`name`='banner/edit',`icon`='fa fa-circle-o',`title`='编辑',`ismenu`=0,`status`='normal',`updatetime`=1547210032  WHERE  `id` = 88 [ RunTime:0.002318s ]
[ 2019-01-11T20:33:52+08:00 ][ sql ] [ SQL ] UPDATE `fa_auth_rule`  SET `pid`=85,`name`='banner/del',`icon`='fa fa-circle-o',`title`='删除',`ismenu`=0,`status`='normal',`updatetime`=1547210032  WHERE  `id` = 89 [ RunTime:0.001307s ]
[ 2019-01-11T20:33:52+08:00 ][ sql ] [ SQL ] UPDATE `fa_auth_rule`  SET `pid`=85,`name`='banner/multi',`icon`='fa fa-circle-o',`title`='批量更新',`ismenu`=0,`status`='normal',`updatetime`=1547210032  WHERE  `id` = 90 [ RunTime:0.001298s ]
[ 2019-01-11T20:40:41+08:00 ][ sql ] [ DB ] CONNECT:[ UseTime:0.002971s ] mysql:host=127.0.0.1;port=3306;dbname=honghai;charset=utf8
[ 2019-01-11T20:40:41+08:00 ][ sql ] [ SQL ] SHOW TABLE STATUS LIKE 'advantages' [ RunTime:0.001437s ]
[ 2019-01-11T20:40:41+08:00 ][ sql ] [ SQL ] SHOW TABLE STATUS LIKE 'fa_advantages' [ RunTime:0.001362s ]
[ 2019-01-11T20:40:41+08:00 ][ sql ] [ SQL ] SELECT * FROM `information_schema`.`columns` WHERE TABLE_SCHEMA = 'honghai' AND table_name = 'fa_advantages' ORDER BY ORDINAL_POSITION [ RunTime:0.018545s ]
[ 2019-01-11T20:40:41+08:00 ][ sql ] [ DB ] CONNECT:[ UseTime:0.013129s ] mysql:host=127.0.0.1;port=3306;dbname=honghai;charset=utf8
[ 2019-01-11T20:40:41+08:00 ][ sql ] [ SQL ] SHOW COLUMNS FROM `fa_auth_rule` [ RunTime:0.020041s ]
[ 2019-01-11T20:40:41+08:00 ][ sql ] [ SQL ] SELECT * FROM `fa_auth_rule` WHERE  `name` = 'advantages' LIMIT 1 [ RunTime:0.002452s ]
[ 2019-01-11T20:40:41+08:00 ][ sql ] [ SQL ] INSERT INTO `fa_auth_rule` (`pid` , `name` , `title` , `icon` , `remark` , `ismenu` , `status` , `createtime` , `updatetime`) VALUES (0 , 'advantages' , '优势介绍' , 'fa fa-circle-o\r' , '' , 1 , 'normal' , 1547210441 , 1547210441) [ RunTime:0.041859s ]
[ 2019-01-11T20:40:41+08:00 ][ sql ] [ SQL ] SELECT `id` FROM `fa_auth_rule` WHERE  `name` = 'advantages/index' LIMIT 1 [ RunTime:0.003896s ]
[ 2019-01-11T20:40:41+08:00 ][ sql ] [ SQL ] SELECT `id` FROM `fa_auth_rule` WHERE  `name` = 'advantages/add' LIMIT 1 [ RunTime:0.003625s ]
[ 2019-01-11T20:40:41+08:00 ][ sql ] [ SQL ] SELECT `id` FROM `fa_auth_rule` WHERE  `name` = 'advantages/edit' LIMIT 1 [ RunTime:0.003234s ]
[ 2019-01-11T20:40:41+08:00 ][ sql ] [ SQL ] SELECT `id` FROM `fa_auth_rule` WHERE  `name` = 'advantages/del' LIMIT 1 [ RunTime:0.004125s ]
[ 2019-01-11T20:40:41+08:00 ][ sql ] [ SQL ] SELECT `id` FROM `fa_auth_rule` WHERE  `name` = 'advantages/multi' LIMIT 1 [ RunTime:0.003456s ]
[ 2019-01-11T20:40:41+08:00 ][ sql ] [ SQL ] INSERT INTO `fa_auth_rule` (`id` , `pid` , `name` , `icon` , `title` , `ismenu` , `status` , `createtime` , `updatetime`) VALUES (NULL , 91 , 'advantages/index' , 'fa fa-circle-o' , '查看' , 0 , 'normal' , 1547210441 , 1547210441) [ RunTime:0.022410s ]
[ 2019-01-11T20:40:41+08:00 ][ sql ] [ SQL ] INSERT INTO `fa_auth_rule` (`id` , `pid` , `name` , `icon` , `title` , `ismenu` , `status` , `createtime` , `updatetime`) VALUES (NULL , 91 , 'advantages/add' , 'fa fa-circle-o' , '添加' , 0 , 'normal' , 1547210441 , 1547210441) [ RunTime:0.002145s ]
[ 2019-01-11T20:40:41+08:00 ][ sql ] [ SQL ] INSERT INTO `fa_auth_rule` (`id` , `pid` , `name` , `icon` , `title` , `ismenu` , `status` , `createtime` , `updatetime`) VALUES (NULL , 91 , 'advantages/edit' , 'fa fa-circle-o' , '编辑' , 0 , 'normal' , 1547210441 , 1547210441) [ RunTime:0.001981s ]
[ 2019-01-11T20:40:41+08:00 ][ sql ] [ SQL ] INSERT INTO `fa_auth_rule` (`id` , `pid` , `name` , `icon` , `title` , `ismenu` , `status` , `createtime` , `updatetime`) VALUES (NULL , 91 , 'advantages/del' , 'fa fa-circle-o' , '删除' , 0 , 'normal' , 1547210441 , 1547210441) [ RunTime:0.002155s ]
[ 2019-01-11T20:40:41+08:00 ][ sql ] [ SQL ] INSERT INTO `fa_auth_rule` (`id` , `pid` , `name` , `icon` , `title` , `ismenu` , `status` , `createtime` , `updatetime`) VALUES (NULL , 91 , 'advantages/multi' , 'fa fa-circle-o' , '批量更新' , 0 , 'normal' , 1547210441 , 1547210441) [ RunTime:0.002270s ]
[ 2019-01-11T20:46:03+08:00 ][ sql ] [ DB ] CONNECT:[ UseTime:0.003204s ] mysql:host=127.0.0.1;port=3306;dbname=honghai;charset=utf8
[ 2019-01-11T20:46:03+08:00 ][ sql ] [ SQL ] SHOW TABLE STATUS LIKE 'index_about' [ RunTime:0.001983s ]
[ 2019-01-11T20:46:03+08:00 ][ sql ] [ SQL ] SHOW TABLE STATUS LIKE 'fa_index_about' [ RunTime:0.001821s ]
[ 2019-01-11T20:46:03+08:00 ][ sql ] [ SQL ] SELECT * FROM `information_schema`.`columns` WHERE TABLE_SCHEMA = 'honghai' AND table_name = 'fa_index_about' ORDER BY ORDINAL_POSITION [ RunTime:0.019092s ]
[ 2019-01-11T20:46:03+08:00 ][ sql ] [ DB ] CONNECT:[ UseTime:0.012569s ] mysql:host=127.0.0.1;port=3306;dbname=honghai;charset=utf8
[ 2019-01-11T20:46:03+08:00 ][ sql ] [ SQL ] SHOW COLUMNS FROM `fa_auth_rule` [ RunTime:0.021627s ]
[ 2019-01-11T20:46:03+08:00 ][ sql ] [ SQL ] SELECT * FROM `fa_auth_rule` WHERE  `name` = 'index' LIMIT 1 [ RunTime:0.002728s ]
[ 2019-01-11T20:46:03+08:00 ][ sql ] [ SQL ] SELECT * FROM `fa_auth_rule` WHERE  `name` = 'index/about' LIMIT 1 [ RunTime:0.002269s ]
[ 2019-01-11T20:46:03+08:00 ][ sql ] [ SQL ] INSERT INTO `fa_auth_rule` (`pid` , `name` , `title` , `icon` , `remark` , `ismenu` , `status` , `createtime` , `updatetime`) VALUES (97 , 'index/about' , 'About' , 'fa fa-circle-o\r' , '' , 1 , 'normal' , 1547210763 , 1547210763) [ RunTime:0.035898s ]
[ 2019-01-11T20:46:03+08:00 ][ sql ] [ SQL ] SELECT `id` FROM `fa_auth_rule` WHERE  `name` = 'index/about/index' LIMIT 1 [ RunTime:0.002686s ]
[ 2019-01-11T20:46:03+08:00 ][ sql ] [ SQL ] SELECT `id` FROM `fa_auth_rule` WHERE  `name` = 'index/about/add' LIMIT 1 [ RunTime:0.002589s ]
[ 2019-01-11T20:46:04+08:00 ][ sql ] [ SQL ] SELECT `id` FROM `fa_auth_rule` WHERE  `name` = 'index/about/edit' LIMIT 1 [ RunTime:0.002564s ]
[ 2019-01-11T20:46:04+08:00 ][ sql ] [ SQL ] SELECT `id` FROM `fa_auth_rule` WHERE  `name` = 'index/about/del' LIMIT 1 [ RunTime:0.004935s ]
[ 2019-01-11T20:46:04+08:00 ][ sql ] [ SQL ] SELECT `id` FROM `fa_auth_rule` WHERE  `name` = 'index/about/multi' LIMIT 1 [ RunTime:0.002760s ]
[ 2019-01-11T20:46:04+08:00 ][ sql ] [ SQL ] INSERT INTO `fa_auth_rule` (`id` , `pid` , `name` , `icon` , `title` , `ismenu` , `status` , `createtime` , `updatetime`) VALUES (NULL , 98 , 'index/about/index' , 'fa fa-circle-o' , '查看' , 0 , 'normal' , 1547210764 , 1547210764) [ RunTime:0.010420s ]
[ 2019-01-11T20:46:04+08:00 ][ sql ] [ SQL ] INSERT INTO `fa_auth_rule` (`id` , `pid` , `name` , `icon` , `title` , `ismenu` , `status` , `createtime` , `updatetime`) VALUES (NULL , 98 , 'index/about/add' , 'fa fa-circle-o' , '添加' , 0 , 'normal' , 1547210764 , 1547210764) [ RunTime:0.002084s ]
[ 2019-01-11T20:46:04+08:00 ][ sql ] [ SQL ] INSERT INTO `fa_auth_rule` (`id` , `pid` , `name` , `icon` , `title` , `ismenu` , `status` , `createtime` , `updatetime`) VALUES (NULL , 98 , 'index/about/edit' , 'fa fa-circle-o' , '编辑' , 0 , 'normal' , 1547210764 , 1547210764) [ RunTime:0.002815s ]
[ 2019-01-11T20:46:04+08:00 ][ sql ] [ SQL ] INSERT INTO `fa_auth_rule` (`id` , `pid` , `name` , `icon` , `title` , `ismenu` , `status` , `createtime` , `updatetime`) VALUES (NULL , 98 , 'index/about/del' , 'fa fa-circle-o' , '删除' , 0 , 'normal' , 1547210764 , 1547210764) [ RunTime:0.003528s ]
[ 2019-01-11T20:46:04+08:00 ][ sql ] [ SQL ] INSERT INTO `fa_auth_rule` (`id` , `pid` , `name` , `icon` , `title` , `ismenu` , `status` , `createtime` , `updatetime`) VALUES (NULL , 98 , 'index/about/multi' , 'fa fa-circle-o' , '批量更新' , 0 , 'normal' , 1547210764 , 1547210764) [ RunTime:0.001959s ]
