---------------------------------------------------------------
[ 2019-01-19T17:38:15+08:00 ] 127.0.0.1 GET honghai.admin.com/
[运行时间：0.453110s] [吞吐率：2.21req/s] [内存消耗：2,705.67kb] [文件加载：68]
[ info ] [ BEHAVIOR ] Run Closure @app_init [ RunTime:0.000030s ]
[ info ] [ CACHE ] INIT File
[ info ] [ BEHAVIOR ] Run Closure @app_init [ RunTime:0.032856s ]
[ info ] [ LANG ] E:\honghai\fastadmin\thinkphp\lang\zh-cn.php
[ info ] [ ROUTE ] array (
  'type' => 'module',
  'module' => 
  array (
    0 => '',
    1 => NULL,
    2 => NULL,
  ),
)
[ info ] [ HEADER ] array (
  'host' => 'honghai.admin.com',
  'user-agent' => 'Mozilla/5.0 (Windows NT 10.0; Win64; x64; rv:64.0) Gecko/20100101 Firefox/64.0',
  'accept' => 'text/html,application/xhtml+xml,application/xml;q=0.9,*/*;q=0.8',
  'accept-language' => 'zh-CN,zh;q=0.8,zh-TW;q=0.7,zh-HK;q=0.5,en-US;q=0.3,en;q=0.2',
  'accept-encoding' => 'gzip, deflate',
  'connection' => 'keep-alive',
  'upgrade-insecure-requests' => '1',
)
[ info ] [ PARAM ] array (
)
[ info ] [ LANG ] E:\honghai\fastadmin\public/../application/index\lang\zh-cn.php
[ info ] [ BEHAVIOR ] Run app\common\behavior\Common @module_init [ RunTime:0.029484s ]
[ info ] [ LANG ] E:\honghai\fastadmin\public/../application/index/lang/zh-cn/index.php
[ info ] [ RUN ] app\index\controller\Index->index[ E:\honghai\fastadmin\application\index\controller\Index.php ]
[ info ] [ VIEW ] E:\honghai\fastadmin\public/../application/index\view\index\index.html [ array (
  0 => 'user',
  1 => 'site',
  2 => 'config',
) ]
[ info ] [ LOG ] INIT File
---------------------------------------------------------------
[ 2019-01-19T17:38:16+08:00 ] 127.0.0.1 GET honghai.admin.com/favicon.ico
[运行时间：0.044052s] [吞吐率：22.70req/s] [内存消耗：1,661.32kb] [文件加载：51]
[ info ] [ BEHAVIOR ] Run Closure @app_init [ RunTime:0.000055s ]
[ info ] [ CACHE ] INIT File
[ info ] [ BEHAVIOR ] Run Closure @app_init [ RunTime:0.004948s ]
[ info ] [ LANG ] E:\honghai\fastadmin\thinkphp\lang\zh-cn.php
[ info ] [ ROUTE ] array (
  'type' => 'module',
  'module' => 
  array (
    0 => 'favicon.ico',
    1 => NULL,
    2 => NULL,
  ),
)
[ info ] [ HEADER ] array (
  'host' => 'honghai.admin.com',
  'user-agent' => 'Mozilla/5.0 (Windows NT 10.0; Win64; x64; rv:64.0) Gecko/20100101 Firefox/64.0',
  'accept' => 'text/html,application/xhtml+xml,application/xml;q=0.9,*/*;q=0.8',
  'accept-language' => 'zh-CN,zh;q=0.8,zh-TW;q=0.7,zh-HK;q=0.5,en-US;q=0.3,en;q=0.2',
  'accept-encoding' => 'gzip, deflate',
  'connection' => 'keep-alive',
)
[ info ] [ PARAM ] array (
)
[ info ] [ LOG ] INIT File
---------------------------------------------------------------
[ 2019-01-19T17:38:17+08:00 ] 127.0.0.1 GET honghai.admin.com/admin/index/login.html
[运行时间：0.119470s] [吞吐率：8.37req/s] [内存消耗：2,926.85kb] [文件加载：74]
[ info ] [ BEHAVIOR ] Run Closure @app_init [ RunTime:0.000015s ]
[ info ] [ CACHE ] INIT File
[ info ] [ BEHAVIOR ] Run Closure @app_init [ RunTime:0.003417s ]
[ info ] [ LANG ] E:\honghai\fastadmin\thinkphp\lang\zh-cn.php
[ info ] [ ROUTE ] array (
  'type' => 'module',
  'module' => 
  array (
    0 => 'admin',
    1 => 'index',
    2 => 'login',
  ),
)
[ info ] [ HEADER ] array (
  'host' => 'honghai.admin.com',
  'user-agent' => 'Mozilla/5.0 (Windows NT 10.0; Win64; x64; rv:64.0) Gecko/20100101 Firefox/64.0',
  'accept' => 'text/html,application/xhtml+xml,application/xml;q=0.9,*/*;q=0.8',
  'accept-language' => 'zh-CN,zh;q=0.8,zh-TW;q=0.7,zh-HK;q=0.5,en-US;q=0.3,en;q=0.2',
  'accept-encoding' => 'gzip, deflate',
  'referer' => 'http://honghai.admin.com/',
  'connection' => 'keep-alive',
  'cookie' => 'Hm_lvt_f8d0a8c400404989e195270b0bbf060a=1547890696; Hm_lpvt_f8d0a8c400404989e195270b0bbf060a=1547890696',
  'upgrade-insecure-requests' => '1',
)
[ info ] [ PARAM ] array (
)
[ info ] [ LANG ] E:\honghai\fastadmin\public/../application/admin\lang\zh-cn.php
[ info ] [ BEHAVIOR ] Run app\common\behavior\Common @module_init [ RunTime:0.001334s ]
[ info ] [ SESSION ] INIT array (
  'id' => '',
  'var_session_id' => '',
  'prefix' => 'think',
  'type' => '',
  'auto_start' => true,
)
[ info ] [ LANG ] E:\honghai\fastadmin\public/../application/admin/lang/zh-cn/index.php
[ info ] [ RUN ] app\admin\controller\Index->login[ E:\honghai\fastadmin\application\admin\controller\Index.php ]
[ info ] [ VIEW ] E:\honghai\fastadmin\public/../application/admin\view\index\login.html [ array (
  0 => 'breadcrumb',
  1 => 'site',
  2 => 'config',
  3 => 'auth',
  4 => 'admin',
  5 => 'background',
  6 => 'title',
) ]
[ info ] [ BEHAVIOR ] Run app\admin\behavior\AdminLog @app_end [ RunTime:0.000343s ]
[ info ] [ LOG ] INIT File
---------------------------------------------------------------
[ 2019-01-19T17:38:17+08:00 ] 127.0.0.1 GET honghai.admin.com/admin/ajax/lang?callback=define&controllername=index&v=1547890697
[运行时间：0.052111s] [吞吐率：19.19req/s] [内存消耗：2,791.94kb] [文件加载：72]
[ info ] [ BEHAVIOR ] Run Closure @app_init [ RunTime:0.000037s ]
[ info ] [ CACHE ] INIT File
[ info ] [ BEHAVIOR ] Run Closure @app_init [ RunTime:0.003892s ]
[ info ] [ LANG ] E:\honghai\fastadmin\thinkphp\lang\zh-cn.php
[ info ] [ ROUTE ] array (
  'type' => 'module',
  'module' => 
  array (
    0 => 'admin',
    1 => 'ajax',
    2 => 'lang',
  ),
)
[ info ] [ HEADER ] array (
  'host' => 'honghai.admin.com',
  'user-agent' => 'Mozilla/5.0 (Windows NT 10.0; Win64; x64; rv:64.0) Gecko/20100101 Firefox/64.0',
  'accept' => '*/*',
  'accept-language' => 'zh-CN,zh;q=0.8,zh-TW;q=0.7,zh-HK;q=0.5,en-US;q=0.3,en;q=0.2',
  'accept-encoding' => 'gzip, deflate',
  'referer' => 'http://honghai.admin.com/admin/index/login.html',
  'connection' => 'keep-alive',
  'cookie' => 'Hm_lvt_f8d0a8c400404989e195270b0bbf060a=1547890696; Hm_lpvt_f8d0a8c400404989e195270b0bbf060a=1547890696; PHPSESSID=v88nrgt4n4j3nfo59v2k817kd1',
)
[ info ] [ PARAM ] array (
  'callback' => 'define',
  'controllername' => 'index',
  'v' => '1547890697',
)
[ info ] [ LANG ] E:\honghai\fastadmin\public/../application/admin\lang\zh-cn.php
[ info ] [ BEHAVIOR ] Run app\common\behavior\Common @module_init [ RunTime:0.001260s ]
[ info ] [ SESSION ] INIT array (
  'id' => '',
  'var_session_id' => '',
  'prefix' => 'think',
  'type' => '',
  'auto_start' => true,
)
[ info ] [ LANG ] E:\honghai\fastadmin\public/../application/admin/lang/zh-cn/ajax.php
[ info ] [ RUN ] app\admin\controller\Ajax->lang[ E:\honghai\fastadmin\application\admin\controller\Ajax.php ]
[ info ] [ LANG ] E:\honghai\fastadmin\public/../application/admin/lang/zh-cn/index.php
[ info ] [ BEHAVIOR ] Run app\admin\behavior\AdminLog @app_end [ RunTime:0.000412s ]
[ info ] [ LOG ] INIT File
---------------------------------------------------------------
[ 2019-01-19T17:38:20+08:00 ] 127.0.0.1 POST honghai.admin.com/admin/index/login.html
[运行时间：0.207129s] [吞吐率：4.83req/s] [内存消耗：3,546.98kb] [文件加载：81]
[ info ] [ BEHAVIOR ] Run Closure @app_init [ RunTime:0.000017s ]
[ info ] [ CACHE ] INIT File
[ info ] [ BEHAVIOR ] Run Closure @app_init [ RunTime:0.004858s ]
[ info ] [ LANG ] E:\honghai\fastadmin\thinkphp\lang\zh-cn.php
[ info ] [ ROUTE ] array (
  'type' => 'module',
  'module' => 
  array (
    0 => 'admin',
    1 => 'index',
    2 => 'login',
  ),
)
[ info ] [ HEADER ] array (
  'host' => 'honghai.admin.com',
  'user-agent' => 'Mozilla/5.0 (Windows NT 10.0; Win64; x64; rv:64.0) Gecko/20100101 Firefox/64.0',
  'accept' => 'application/json, text/javascript, */*; q=0.01',
  'accept-language' => 'zh-CN,zh;q=0.8,zh-TW;q=0.7,zh-HK;q=0.5,en-US;q=0.3,en;q=0.2',
  'accept-encoding' => 'gzip, deflate',
  'referer' => 'http://honghai.admin.com/admin/index/login.html',
  'content-type' => 'application/x-www-form-urlencoded; charset=UTF-8',
  'x-requested-with' => 'XMLHttpRequest',
  'content-length' => '73',
  'connection' => 'keep-alive',
  'cookie' => 'Hm_lvt_f8d0a8c400404989e195270b0bbf060a=1547890696; Hm_lpvt_f8d0a8c400404989e195270b0bbf060a=1547890696; PHPSESSID=v88nrgt4n4j3nfo59v2k817kd1',
)
[ info ] [ PARAM ] array (
  '__token__' => 'ff407d63d54f5416f6a3811a8d7d6780',
  'username' => 'admin',
  'password' => '123456',
)
[ info ] [ LANG ] E:\honghai\fastadmin\public/../application/admin\lang\zh-cn.php
[ info ] [ BEHAVIOR ] Run app\common\behavior\Common @module_init [ RunTime:0.001311s ]
[ info ] [ SESSION ] INIT array (
  'id' => '',
  'var_session_id' => '',
  'prefix' => 'think',
  'type' => '',
  'auto_start' => true,
)
[ info ] [ LANG ] E:\honghai\fastadmin\public/../application/admin/lang/zh-cn/index.php
[ info ] [ RUN ] app\admin\controller\Index->login[ E:\honghai\fastadmin\application\admin\controller\Index.php ]
[ info ] [ DB ] INIT mysql
[ info ] [ BEHAVIOR ] Run app\admin\behavior\AdminLog @app_end [ RunTime:0.037605s ]
[ info ] [ LOG ] INIT File
[ sql ] [ DB ] CONNECT:[ UseTime:0.024859s ] mysql:host=47.107.238.113;port=3306;dbname=honghai;charset=utf8
[ sql ] [ SQL ] SHOW COLUMNS FROM `fa_admin` [ RunTime:0.018128s ]
[ sql ] [ SQL ] SELECT * FROM `fa_admin` WHERE  `username` = 'admin' LIMIT 1 [ RunTime:0.015673s ]
[ sql ] [ SQL ] UPDATE `fa_admin`  SET `logintime`=1547890699,`token`='c4682ddb-090b-443c-8256-087569d0dc7a',`updatetime`=1547890699  WHERE  `id` = 1 [ RunTime:0.017883s ]
[ sql ] [ SQL ] SHOW COLUMNS FROM `fa_admin_log` [ RunTime:0.017273s ]
[ sql ] [ SQL ] INSERT INTO `fa_admin_log` (`title` , `content` , `url` , `admin_id` , `username` , `useragent` , `ip` , `createtime`) VALUES ('登录' , '{\"__token__\":\"ff407d63d54f5416f6a3811a8d7d6780\",\"username\":\"admin\"}' , '/admin/index/login.html' , 1 , 'admin' , 'Mozilla/5.0 (Windows NT 10.0; Win64; x64; rv:64.0) Gecko/20100101 Firefox/64.0' , '127.0.0.1' , 1547890699) [ RunTime:0.019548s ]
---------------------------------------------------------------
[ 2019-01-19T17:38:20+08:00 ] 127.0.0.1 GET honghai.admin.com/admin/index/index
[运行时间：0.421260s] [吞吐率：2.37req/s] [内存消耗：3,920.92kb] [文件加载：91]
[ info ] [ BEHAVIOR ] Run Closure @app_init [ RunTime:0.000016s ]
[ info ] [ CACHE ] INIT File
[ info ] [ BEHAVIOR ] Run Closure @app_init [ RunTime:0.005267s ]
[ info ] [ LANG ] E:\honghai\fastadmin\thinkphp\lang\zh-cn.php
[ info ] [ ROUTE ] array (
  'type' => 'module',
  'module' => 
  array (
    0 => 'admin',
    1 => 'index',
    2 => 'index',
  ),
)
[ info ] [ HEADER ] array (
  'host' => 'honghai.admin.com',
  'user-agent' => 'Mozilla/5.0 (Windows NT 10.0; Win64; x64; rv:64.0) Gecko/20100101 Firefox/64.0',
  'accept' => 'text/html,application/xhtml+xml,application/xml;q=0.9,*/*;q=0.8',
  'accept-language' => 'zh-CN,zh;q=0.8,zh-TW;q=0.7,zh-HK;q=0.5,en-US;q=0.3,en;q=0.2',
  'accept-encoding' => 'gzip, deflate',
  'referer' => 'http://honghai.admin.com/admin/index/login.html',
  'connection' => 'keep-alive',
  'cookie' => 'Hm_lvt_f8d0a8c400404989e195270b0bbf060a=1547890696; Hm_lpvt_f8d0a8c400404989e195270b0bbf060a=1547890696; PHPSESSID=v88nrgt4n4j3nfo59v2k817kd1',
  'upgrade-insecure-requests' => '1',
)
[ info ] [ PARAM ] array (
)
[ info ] [ LANG ] E:\honghai\fastadmin\public/../application/admin\lang\zh-cn.php
[ info ] [ BEHAVIOR ] Run app\common\behavior\Common @module_init [ RunTime:0.001231s ]
[ info ] [ SESSION ] INIT array (
  'id' => '',
  'var_session_id' => '',
  'prefix' => 'think',
  'type' => '',
  'auto_start' => true,
)
[ info ] [ LANG ] E:\honghai\fastadmin\public/../application/admin/lang/zh-cn/index.php
[ info ] [ RUN ] app\admin\controller\Index->index[ E:\honghai\fastadmin\application\admin\controller\Index.php ]
[ info ] [ DB ] INIT mysql
[ info ] [ VIEW ] E:\honghai\fastadmin\public/../application/admin\view\index\index.html [ array (
  0 => 'breadcrumb',
  1 => 'site',
  2 => 'config',
  3 => 'auth',
  4 => 'admin',
  5 => 'menulist',
  6 => 'navlist',
  7 => 'fixedmenu',
  8 => 'referermenu',
  9 => 'title',
) ]
[ info ] [ BEHAVIOR ] Run app\admin\behavior\AdminLog @app_end [ RunTime:0.000133s ]
[ info ] [ LOG ] INIT File
[ sql ] [ DB ] CONNECT:[ UseTime:0.033677s ] mysql:host=47.107.238.113;port=3306;dbname=honghai;charset=utf8
[ sql ] [ SQL ] SHOW COLUMNS FROM `fa_auth_group_access` [ RunTime:0.025486s ]
[ sql ] [ SQL ] SELECT `aga`.`uid`,`aga`.`group_id`,`ag`.`id`,`ag`.`pid`,`ag`.`name`,`ag`.`rules` FROM `fa_auth_group_access` `aga` LEFT JOIN `fa_auth_group` `ag` ON `aga`.`group_id`=`ag`.`id` WHERE  (  aga.uid='1' and ag.status='normal' ) [ RunTime:0.039599s ]
[ sql ] [ SQL ] SHOW COLUMNS FROM `fa_auth_rule` [ RunTime:0.037686s ]
[ sql ] [ SQL ] SELECT `id`,`pid`,`condition`,`icon`,`name`,`title`,`ismenu` FROM `fa_auth_rule` WHERE  `status` = 'normal' [ RunTime:0.036202s ]
---------------------------------------------------------------
[ 2019-01-19T17:38:20+08:00 ] 127.0.0.1 GET honghai.admin.com/admin/ajax/lang?callback=define&controllername=index&v=1547890700
[运行时间：0.026626s] [吞吐率：37.56req/s] [内存消耗：2,793.41kb] [文件加载：72]
[ info ] [ BEHAVIOR ] Run Closure @app_init [ RunTime:0.000016s ]
[ info ] [ CACHE ] INIT File
[ info ] [ BEHAVIOR ] Run Closure @app_init [ RunTime:0.003027s ]
[ info ] [ LANG ] E:\honghai\fastadmin\thinkphp\lang\zh-cn.php
[ info ] [ ROUTE ] array (
  'type' => 'module',
  'module' => 
  array (
    0 => 'admin',
    1 => 'ajax',
    2 => 'lang',
  ),
)
[ info ] [ HEADER ] array (
  'host' => 'honghai.admin.com',
  'user-agent' => 'Mozilla/5.0 (Windows NT 10.0; Win64; x64; rv:64.0) Gecko/20100101 Firefox/64.0',
  'accept' => '*/*',
  'accept-language' => 'zh-CN,zh;q=0.8,zh-TW;q=0.7,zh-HK;q=0.5,en-US;q=0.3,en;q=0.2',
  'accept-encoding' => 'gzip, deflate',
  'referer' => 'http://honghai.admin.com/admin/index/index',
  'connection' => 'keep-alive',
  'cookie' => 'Hm_lvt_f8d0a8c400404989e195270b0bbf060a=1547890696; Hm_lpvt_f8d0a8c400404989e195270b0bbf060a=1547890696; PHPSESSID=v88nrgt4n4j3nfo59v2k817kd1',
)
[ info ] [ PARAM ] array (
  'callback' => 'define',
  'controllername' => 'index',
  'v' => '1547890700',
)
[ info ] [ LANG ] E:\honghai\fastadmin\public/../application/admin\lang\zh-cn.php
[ info ] [ BEHAVIOR ] Run app\common\behavior\Common @module_init [ RunTime:0.001041s ]
[ info ] [ SESSION ] INIT array (
  'id' => '',
  'var_session_id' => '',
  'prefix' => 'think',
  'type' => '',
  'auto_start' => true,
)
[ info ] [ LANG ] E:\honghai\fastadmin\public/../application/admin/lang/zh-cn/ajax.php
[ info ] [ RUN ] app\admin\controller\Ajax->lang[ E:\honghai\fastadmin\application\admin\controller\Ajax.php ]
[ info ] [ LANG ] E:\honghai\fastadmin\public/../application/admin/lang/zh-cn/index.php
[ info ] [ BEHAVIOR ] Run app\admin\behavior\AdminLog @app_end [ RunTime:0.000124s ]
[ info ] [ LOG ] INIT File
---------------------------------------------------------------
[ 2019-01-19T17:38:21+08:00 ] 127.0.0.1 GET honghai.admin.com/admin/general/config?addtabs=1
[运行时间：0.226432s] [吞吐率：4.42req/s] [内存消耗：3,761.90kb] [文件加载：79]
[ info ] [ BEHAVIOR ] Run Closure @app_init [ RunTime:0.000017s ]
[ info ] [ CACHE ] INIT File
[ info ] [ BEHAVIOR ] Run Closure @app_init [ RunTime:0.003317s ]
[ info ] [ LANG ] E:\honghai\fastadmin\thinkphp\lang\zh-cn.php
[ info ] [ ROUTE ] array (
  'type' => 'module',
  'module' => 
  array (
    0 => 'admin',
    1 => 'general.config',
    2 => NULL,
  ),
)
[ info ] [ HEADER ] array (
  'host' => 'honghai.admin.com',
  'user-agent' => 'Mozilla/5.0 (Windows NT 10.0; Win64; x64; rv:64.0) Gecko/20100101 Firefox/64.0',
  'accept' => 'text/html,application/xhtml+xml,application/xml;q=0.9,*/*;q=0.8',
  'accept-language' => 'zh-CN,zh;q=0.8,zh-TW;q=0.7,zh-HK;q=0.5,en-US;q=0.3,en;q=0.2',
  'accept-encoding' => 'gzip, deflate',
  'referer' => 'http://honghai.admin.com/admin/index/index',
  'connection' => 'keep-alive',
  'cookie' => 'Hm_lvt_f8d0a8c400404989e195270b0bbf060a=1547890696; Hm_lpvt_f8d0a8c400404989e195270b0bbf060a=1547890696; PHPSESSID=v88nrgt4n4j3nfo59v2k817kd1',
  'upgrade-insecure-requests' => '1',
)
[ info ] [ PARAM ] array (
  'addtabs' => '1',
)
[ info ] [ LANG ] E:\honghai\fastadmin\public/../application/admin\lang\zh-cn.php
[ info ] [ BEHAVIOR ] Run app\common\behavior\Common @module_init [ RunTime:0.001321s ]
[ info ] [ SESSION ] INIT array (
  'id' => '',
  'var_session_id' => '',
  'prefix' => 'think',
  'type' => '',
  'auto_start' => true,
)
[ info ] [ DB ] INIT mysql
[ info ] [ LANG ] E:\honghai\fastadmin\public/../application/admin/lang/zh-cn/general/config.php
[ info ] [ RUN ] app\admin\controller\general\Config->index[ E:\honghai\fastadmin\application\admin\controller\general\Config.php ]
[ info ] [ VIEW ] E:\honghai\fastadmin\public/../application/admin\view\general\config\index.html [ array (
  0 => 'breadcrumb',
  1 => 'site',
  2 => 'config',
  3 => 'auth',
  4 => 'admin',
  5 => 'siteList',
  6 => 'typeList',
  7 => 'groupList',
) ]
[ info ] [ BEHAVIOR ] Run app\admin\behavior\AdminLog @app_end [ RunTime:0.000236s ]
[ info ] [ LOG ] INIT File
[ sql ] [ DB ] CONNECT:[ UseTime:0.027875s ] mysql:host=47.107.238.113;port=3306;dbname=honghai;charset=utf8
[ sql ] [ SQL ] SHOW COLUMNS FROM `fa_auth_group_access` [ RunTime:0.021075s ]
[ sql ] [ SQL ] SELECT `aga`.`uid`,`aga`.`group_id`,`ag`.`id`,`ag`.`pid`,`ag`.`name`,`ag`.`rules` FROM `fa_auth_group_access` `aga` LEFT JOIN `fa_auth_group` `ag` ON `aga`.`group_id`=`ag`.`id` WHERE  (  aga.uid='1' and ag.status='normal' ) [ RunTime:0.018575s ]
[ sql ] [ SQL ] SHOW COLUMNS FROM `fa_auth_rule` [ RunTime:0.021310s ]
[ sql ] [ SQL ] SELECT `id`,`pid`,`condition`,`icon`,`name`,`title`,`ismenu` FROM `fa_auth_rule` WHERE  `status` = 'normal' [ RunTime:0.028608s ]
[ sql ] [ SQL ] SHOW COLUMNS FROM `fa_config` [ RunTime:0.021770s ]
[ sql ] [ SQL ] SELECT * FROM `fa_config` [ RunTime:0.018769s ]
[ sql ] [ SQL ] SELECT `title`,`remark` FROM `fa_auth_rule` WHERE  `name` = 'general/config' LIMIT 1 [ RunTime:0.018532s ]
---------------------------------------------------------------
[ 2019-01-19T17:38:21+08:00 ] 127.0.0.1 GET honghai.admin.com/admin/ajax/lang?callback=define&controllername=general.config&v=1547890700
[运行时间：0.033289s] [吞吐率：30.04req/s] [内存消耗：2,792.32kb] [文件加载：72]
[ info ] [ BEHAVIOR ] Run Closure @app_init [ RunTime:0.000018s ]
[ info ] [ CACHE ] INIT File
[ info ] [ BEHAVIOR ] Run Closure @app_init [ RunTime:0.004059s ]
[ info ] [ LANG ] E:\honghai\fastadmin\thinkphp\lang\zh-cn.php
[ info ] [ ROUTE ] array (
  'type' => 'module',
  'module' => 
  array (
    0 => 'admin',
    1 => 'ajax',
    2 => 'lang',
  ),
)
[ info ] [ HEADER ] array (
  'host' => 'honghai.admin.com',
  'user-agent' => 'Mozilla/5.0 (Windows NT 10.0; Win64; x64; rv:64.0) Gecko/20100101 Firefox/64.0',
  'accept' => '*/*',
  'accept-language' => 'zh-CN,zh;q=0.8,zh-TW;q=0.7,zh-HK;q=0.5,en-US;q=0.3,en;q=0.2',
  'accept-encoding' => 'gzip, deflate',
  'referer' => 'http://honghai.admin.com/admin/general/config?addtabs=1',
  'connection' => 'keep-alive',
  'cookie' => 'Hm_lvt_f8d0a8c400404989e195270b0bbf060a=1547890696; Hm_lpvt_f8d0a8c400404989e195270b0bbf060a=1547890696; PHPSESSID=v88nrgt4n4j3nfo59v2k817kd1',
)
[ info ] [ PARAM ] array (
  'callback' => 'define',
  'controllername' => 'general.config',
  'v' => '1547890700',
)
[ info ] [ LANG ] E:\honghai\fastadmin\public/../application/admin\lang\zh-cn.php
[ info ] [ BEHAVIOR ] Run app\common\behavior\Common @module_init [ RunTime:0.001339s ]
[ info ] [ SESSION ] INIT array (
  'id' => '',
  'var_session_id' => '',
  'prefix' => 'think',
  'type' => '',
  'auto_start' => true,
)
[ info ] [ LANG ] E:\honghai\fastadmin\public/../application/admin/lang/zh-cn/ajax.php
[ info ] [ RUN ] app\admin\controller\Ajax->lang[ E:\honghai\fastadmin\application\admin\controller\Ajax.php ]
[ info ] [ LANG ] E:\honghai\fastadmin\public/../application/admin/lang/zh-cn/general/config.php
[ info ] [ BEHAVIOR ] Run app\admin\behavior\AdminLog @app_end [ RunTime:0.000257s ]
[ info ] [ LOG ] INIT File
---------------------------------------------------------------
[ 2019-01-19T17:38:24+08:00 ] 127.0.0.1 GET honghai.admin.com/admin/menu?addtabs=1
[运行时间：0.166710s] [吞吐率：6.00req/s] [内存消耗：3,687.09kb] [文件加载：80]
[ info ] [ BEHAVIOR ] Run Closure @app_init [ RunTime:0.000017s ]
[ info ] [ CACHE ] INIT File
[ info ] [ BEHAVIOR ] Run Closure @app_init [ RunTime:0.003085s ]
[ info ] [ LANG ] E:\honghai\fastadmin\thinkphp\lang\zh-cn.php
[ info ] [ ROUTE ] array (
  'type' => 'module',
  'module' => 
  array (
    0 => 'admin',
    1 => 'menu',
    2 => NULL,
  ),
)
[ info ] [ HEADER ] array (
  'host' => 'honghai.admin.com',
  'user-agent' => 'Mozilla/5.0 (Windows NT 10.0; Win64; x64; rv:64.0) Gecko/20100101 Firefox/64.0',
  'accept' => 'text/html,application/xhtml+xml,application/xml;q=0.9,*/*;q=0.8',
  'accept-language' => 'zh-CN,zh;q=0.8,zh-TW;q=0.7,zh-HK;q=0.5,en-US;q=0.3,en;q=0.2',
  'accept-encoding' => 'gzip, deflate',
  'referer' => 'http://honghai.admin.com/admin/index/index',
  'connection' => 'keep-alive',
  'cookie' => 'Hm_lvt_f8d0a8c400404989e195270b0bbf060a=1547890696; Hm_lpvt_f8d0a8c400404989e195270b0bbf060a=1547890696; PHPSESSID=v88nrgt4n4j3nfo59v2k817kd1',
  'upgrade-insecure-requests' => '1',
)
[ info ] [ PARAM ] array (
  'addtabs' => '1',
)
[ info ] [ LANG ] E:\honghai\fastadmin\public/../application/admin\lang\zh-cn.php
[ info ] [ BEHAVIOR ] Run app\common\behavior\Common @module_init [ RunTime:0.001083s ]
[ info ] [ SESSION ] INIT array (
  'id' => '',
  'var_session_id' => '',
  'prefix' => 'think',
  'type' => '',
  'auto_start' => true,
)
[ info ] [ DB ] INIT mysql
[ info ] [ LANG ] E:\honghai\fastadmin\public/../application/admin/lang/zh-cn/menu.php
[ info ] [ RUN ] app\common\controller\Backend->index[ E:\honghai\fastadmin\application\admin\library\traits\Backend.php ]
[ info ] [ VIEW ] E:\honghai\fastadmin\public/../application/admin\view\menu\index.html [ array (
  0 => 'breadcrumb',
  1 => 'site',
  2 => 'config',
  3 => 'auth',
  4 => 'admin',
) ]
[ info ] [ BEHAVIOR ] Run app\admin\behavior\AdminLog @app_end [ RunTime:0.000294s ]
[ info ] [ LOG ] INIT File
[ sql ] [ DB ] CONNECT:[ UseTime:0.020696s ] mysql:host=47.107.238.113;port=3306;dbname=honghai;charset=utf8
[ sql ] [ SQL ] SHOW COLUMNS FROM `fa_auth_group_access` [ RunTime:0.016922s ]
[ sql ] [ SQL ] SELECT `aga`.`uid`,`aga`.`group_id`,`ag`.`id`,`ag`.`pid`,`ag`.`name`,`ag`.`rules` FROM `fa_auth_group_access` `aga` LEFT JOIN `fa_auth_group` `ag` ON `aga`.`group_id`=`ag`.`id` WHERE  (  aga.uid='1' and ag.status='normal' ) [ RunTime:0.014500s ]
[ sql ] [ SQL ] SHOW COLUMNS FROM `fa_auth_rule` [ RunTime:0.017835s ]
[ sql ] [ SQL ] SELECT `id`,`pid`,`condition`,`icon`,`name`,`title`,`ismenu` FROM `fa_auth_rule` WHERE  `status` = 'normal' [ RunTime:0.023016s ]
[ sql ] [ SQL ] SELECT `title`,`remark` FROM `fa_auth_rule` WHERE  `name` = 'menu' LIMIT 1 [ RunTime:0.014261s ]
---------------------------------------------------------------
[ 2019-01-19T17:38:24+08:00 ] 127.0.0.1 GET honghai.admin.com/admin/ajax/lang?callback=define&controllername=menu&v=1547890704
[运行时间：0.028788s] [吞吐率：34.74req/s] [内存消耗：2,789.31kb] [文件加载：72]
[ info ] [ BEHAVIOR ] Run Closure @app_init [ RunTime:0.000016s ]
[ info ] [ CACHE ] INIT File
[ info ] [ BEHAVIOR ] Run Closure @app_init [ RunTime:0.002974s ]
[ info ] [ LANG ] E:\honghai\fastadmin\thinkphp\lang\zh-cn.php
[ info ] [ ROUTE ] array (
  'type' => 'module',
  'module' => 
  array (
    0 => 'admin',
    1 => 'ajax',
    2 => 'lang',
  ),
)
[ info ] [ HEADER ] array (
  'host' => 'honghai.admin.com',
  'user-agent' => 'Mozilla/5.0 (Windows NT 10.0; Win64; x64; rv:64.0) Gecko/20100101 Firefox/64.0',
  'accept' => '*/*',
  'accept-language' => 'zh-CN,zh;q=0.8,zh-TW;q=0.7,zh-HK;q=0.5,en-US;q=0.3,en;q=0.2',
  'accept-encoding' => 'gzip, deflate',
  'referer' => 'http://honghai.admin.com/admin/menu?addtabs=1',
  'connection' => 'keep-alive',
  'cookie' => 'Hm_lvt_f8d0a8c400404989e195270b0bbf060a=1547890696; Hm_lpvt_f8d0a8c400404989e195270b0bbf060a=1547890696; PHPSESSID=v88nrgt4n4j3nfo59v2k817kd1',
)
[ info ] [ PARAM ] array (
  'callback' => 'define',
  'controllername' => 'menu',
  'v' => '1547890704',
)
[ info ] [ LANG ] E:\honghai\fastadmin\public/../application/admin\lang\zh-cn.php
[ info ] [ BEHAVIOR ] Run app\common\behavior\Common @module_init [ RunTime:0.001067s ]
[ info ] [ SESSION ] INIT array (
  'id' => '',
  'var_session_id' => '',
  'prefix' => 'think',
  'type' => '',
  'auto_start' => true,
)
[ info ] [ LANG ] E:\honghai\fastadmin\public/../application/admin/lang/zh-cn/ajax.php
[ info ] [ RUN ] app\admin\controller\Ajax->lang[ E:\honghai\fastadmin\application\admin\controller\Ajax.php ]
[ info ] [ LANG ] E:\honghai\fastadmin\public/../application/admin/lang/zh-cn/menu.php
[ info ] [ BEHAVIOR ] Run app\admin\behavior\AdminLog @app_end [ RunTime:0.000129s ]
[ info ] [ LOG ] INIT File
---------------------------------------------------------------
[ 2019-01-19T17:38:24+08:00 ] 127.0.0.1 GET honghai.admin.com/admin/menu/index?sort=id&order=desc&offset=0&limit=10&filter=%7B%7D&op=%7B%7D&_=1547890704320
[运行时间：0.168160s] [吞吐率：5.95req/s] [内存消耗：3,733.24kb] [文件加载：82]
[ info ] [ BEHAVIOR ] Run Closure @app_init [ RunTime:0.000018s ]
[ info ] [ CACHE ] INIT File
[ info ] [ BEHAVIOR ] Run Closure @app_init [ RunTime:0.003910s ]
[ info ] [ LANG ] E:\honghai\fastadmin\thinkphp\lang\zh-cn.php
[ info ] [ ROUTE ] array (
  'type' => 'module',
  'module' => 
  array (
    0 => 'admin',
    1 => 'menu',
    2 => 'index',
  ),
)
[ info ] [ HEADER ] array (
  'host' => 'honghai.admin.com',
  'user-agent' => 'Mozilla/5.0 (Windows NT 10.0; Win64; x64; rv:64.0) Gecko/20100101 Firefox/64.0',
  'accept' => 'application/json, text/javascript, */*; q=0.01',
  'accept-language' => 'zh-CN,zh;q=0.8,zh-TW;q=0.7,zh-HK;q=0.5,en-US;q=0.3,en;q=0.2',
  'accept-encoding' => 'gzip, deflate',
  'referer' => 'http://honghai.admin.com/admin/menu?addtabs=1',
  'content-type' => 'application/json',
  'x-requested-with' => 'XMLHttpRequest',
  'connection' => 'keep-alive',
  'cookie' => 'Hm_lvt_f8d0a8c400404989e195270b0bbf060a=1547890696; Hm_lpvt_f8d0a8c400404989e195270b0bbf060a=1547890696; PHPSESSID=v88nrgt4n4j3nfo59v2k817kd1',
)
[ info ] [ PARAM ] array (
  'sort' => 'id',
  'order' => 'desc',
  'offset' => '0',
  'limit' => '10',
  'filter' => '{}',
  'op' => '{}',
  '_' => '1547890704320',
)
[ info ] [ LANG ] E:\honghai\fastadmin\public/../application/admin\lang\zh-cn.php
[ info ] [ BEHAVIOR ] Run app\common\behavior\Common @module_init [ RunTime:0.001483s ]
[ info ] [ SESSION ] INIT array (
  'id' => '',
  'var_session_id' => '',
  'prefix' => 'think',
  'type' => '',
  'auto_start' => true,
)
[ info ] [ DB ] INIT mysql
[ info ] [ LANG ] E:\honghai\fastadmin\public/../application/admin/lang/zh-cn/menu.php
[ info ] [ RUN ] app\common\controller\Backend->index[ E:\honghai\fastadmin\application\admin\library\traits\Backend.php ]
[ info ] [ BEHAVIOR ] Run app\admin\behavior\AdminLog @app_end [ RunTime:0.000126s ]
[ info ] [ LOG ] INIT File
[ sql ] [ DB ] CONNECT:[ UseTime:0.019366s ] mysql:host=47.107.238.113;port=3306;dbname=honghai;charset=utf8
[ sql ] [ SQL ] SHOW COLUMNS FROM `fa_auth_group_access` [ RunTime:0.016204s ]
[ sql ] [ SQL ] SELECT `aga`.`uid`,`aga`.`group_id`,`ag`.`id`,`ag`.`pid`,`ag`.`name`,`ag`.`rules` FROM `fa_auth_group_access` `aga` LEFT JOIN `fa_auth_group` `ag` ON `aga`.`group_id`=`ag`.`id` WHERE  (  aga.uid='1' and ag.status='normal' ) [ RunTime:0.013069s ]
[ sql ] [ SQL ] SHOW COLUMNS FROM `fa_auth_rule` [ RunTime:0.015614s ]
[ sql ] [ SQL ] SELECT `id`,`pid`,`condition`,`icon`,`name`,`title`,`ismenu` FROM `fa_auth_rule` WHERE  `status` = 'normal' [ RunTime:0.021244s ]
[ sql ] [ SQL ] SHOW COLUMNS FROM `fa_menu` [ RunTime:0.016635s ]
[ sql ] [ SQL ] SELECT COUNT(*) AS tp_count FROM `fa_menu` ORDER BY `id` DESC LIMIT 1 [ RunTime:0.012188s ]
[ sql ] [ SQL ] SELECT * FROM `fa_menu` ORDER BY `id` DESC LIMIT 0,10 [ RunTime:0.012756s ]
---------------------------------------------------------------
[ 2019-01-19T17:38:28+08:00 ] 127.0.0.1 GET honghai.admin.com/admin/top?addtabs=1
[运行时间：0.229973s] [吞吐率：4.35req/s] [内存消耗：3,736.12kb] [文件加载：81]
[ info ] [ BEHAVIOR ] Run Closure @app_init [ RunTime:0.000017s ]
[ info ] [ CACHE ] INIT File
[ info ] [ BEHAVIOR ] Run Closure @app_init [ RunTime:0.003405s ]
[ info ] [ LANG ] E:\honghai\fastadmin\thinkphp\lang\zh-cn.php
[ info ] [ ROUTE ] array (
  'type' => 'module',
  'module' => 
  array (
    0 => 'admin',
    1 => 'top',
    2 => NULL,
  ),
)
[ info ] [ HEADER ] array (
  'host' => 'honghai.admin.com',
  'user-agent' => 'Mozilla/5.0 (Windows NT 10.0; Win64; x64; rv:64.0) Gecko/20100101 Firefox/64.0',
  'accept' => 'text/html,application/xhtml+xml,application/xml;q=0.9,*/*;q=0.8',
  'accept-language' => 'zh-CN,zh;q=0.8,zh-TW;q=0.7,zh-HK;q=0.5,en-US;q=0.3,en;q=0.2',
  'accept-encoding' => 'gzip, deflate',
  'referer' => 'http://honghai.admin.com/admin/index/index',
  'connection' => 'keep-alive',
  'cookie' => 'Hm_lvt_f8d0a8c400404989e195270b0bbf060a=1547890696; Hm_lpvt_f8d0a8c400404989e195270b0bbf060a=1547890696; PHPSESSID=v88nrgt4n4j3nfo59v2k817kd1',
  'upgrade-insecure-requests' => '1',
)
[ info ] [ PARAM ] array (
  'addtabs' => '1',
)
[ info ] [ LANG ] E:\honghai\fastadmin\public/../application/admin\lang\zh-cn.php
[ info ] [ BEHAVIOR ] Run app\common\behavior\Common @module_init [ RunTime:0.001082s ]
[ info ] [ SESSION ] INIT array (
  'id' => '',
  'var_session_id' => '',
  'prefix' => 'think',
  'type' => '',
  'auto_start' => true,
)
[ info ] [ DB ] INIT mysql
[ info ] [ LANG ] E:\honghai\fastadmin\public/../application/admin/lang/zh-cn/top.php
[ info ] [ RUN ] app\admin\controller\Top->index[ E:\honghai\fastadmin\application\admin\controller\Top.php ]
[ info ] [ VIEW ] E:\honghai\fastadmin\public/../application/admin\view\top\index.html [ array (
  0 => 'breadcrumb',
  1 => 'site',
  2 => 'config',
  3 => 'auth',
  4 => 'admin',
) ]
[ info ] [ BEHAVIOR ] Run app\admin\behavior\AdminLog @app_end [ RunTime:0.000472s ]
[ info ] [ LOG ] INIT File
[ sql ] [ DB ] CONNECT:[ UseTime:0.029031s ] mysql:host=47.107.238.113;port=3306;dbname=honghai;charset=utf8
[ sql ] [ SQL ] SHOW COLUMNS FROM `fa_auth_group_access` [ RunTime:0.022275s ]
[ sql ] [ SQL ] SELECT `aga`.`uid`,`aga`.`group_id`,`ag`.`id`,`ag`.`pid`,`ag`.`name`,`ag`.`rules` FROM `fa_auth_group_access` `aga` LEFT JOIN `fa_auth_group` `ag` ON `aga`.`group_id`=`ag`.`id` WHERE  (  aga.uid='1' and ag.status='normal' ) [ RunTime:0.020001s ]
[ sql ] [ SQL ] SHOW COLUMNS FROM `fa_auth_rule` [ RunTime:0.023722s ]
[ sql ] [ SQL ] SELECT `id`,`pid`,`condition`,`icon`,`name`,`title`,`ismenu` FROM `fa_auth_rule` WHERE  `status` = 'normal' [ RunTime:0.031787s ]
[ sql ] [ SQL ] SELECT `title`,`remark` FROM `fa_auth_rule` WHERE  `name` = 'top' LIMIT 1 [ RunTime:0.019816s ]
---------------------------------------------------------------
[ 2019-01-19T17:38:28+08:00 ] 127.0.0.1 GET honghai.admin.com/admin/ajax/lang?callback=define&controllername=top&v=1547890707
[运行时间：0.028944s] [吞吐率：34.55req/s] [内存消耗：2,789.42kb] [文件加载：72]
[ info ] [ BEHAVIOR ] Run Closure @app_init [ RunTime:0.000016s ]
[ info ] [ CACHE ] INIT File
[ info ] [ BEHAVIOR ] Run Closure @app_init [ RunTime:0.002898s ]
[ info ] [ LANG ] E:\honghai\fastadmin\thinkphp\lang\zh-cn.php
[ info ] [ ROUTE ] array (
  'type' => 'module',
  'module' => 
  array (
    0 => 'admin',
    1 => 'ajax',
    2 => 'lang',
  ),
)
[ info ] [ HEADER ] array (
  'host' => 'honghai.admin.com',
  'user-agent' => 'Mozilla/5.0 (Windows NT 10.0; Win64; x64; rv:64.0) Gecko/20100101 Firefox/64.0',
  'accept' => '*/*',
  'accept-language' => 'zh-CN,zh;q=0.8,zh-TW;q=0.7,zh-HK;q=0.5,en-US;q=0.3,en;q=0.2',
  'accept-encoding' => 'gzip, deflate',
  'referer' => 'http://honghai.admin.com/admin/top?addtabs=1',
  'connection' => 'keep-alive',
  'cookie' => 'Hm_lvt_f8d0a8c400404989e195270b0bbf060a=1547890696; Hm_lpvt_f8d0a8c400404989e195270b0bbf060a=1547890696; PHPSESSID=v88nrgt4n4j3nfo59v2k817kd1',
)
[ info ] [ PARAM ] array (
  'callback' => 'define',
  'controllername' => 'top',
  'v' => '1547890707',
)
[ info ] [ LANG ] E:\honghai\fastadmin\public/../application/admin\lang\zh-cn.php
[ info ] [ BEHAVIOR ] Run app\common\behavior\Common @module_init [ RunTime:0.001547s ]
[ info ] [ SESSION ] INIT array (
  'id' => '',
  'var_session_id' => '',
  'prefix' => 'think',
  'type' => '',
  'auto_start' => true,
)
[ info ] [ LANG ] E:\honghai\fastadmin\public/../application/admin/lang/zh-cn/ajax.php
[ info ] [ RUN ] app\admin\controller\Ajax->lang[ E:\honghai\fastadmin\application\admin\controller\Ajax.php ]
[ info ] [ LANG ] E:\honghai\fastadmin\public/../application/admin/lang/zh-cn/top.php
[ info ] [ BEHAVIOR ] Run app\admin\behavior\AdminLog @app_end [ RunTime:0.000125s ]
[ info ] [ LOG ] INIT File
---------------------------------------------------------------
[ 2019-01-19T17:38:28+08:00 ] 127.0.0.1 GET honghai.admin.com/admin/top/index?sort=id&order=desc&offset=0&limit=10&filter=%7B%7D&op=%7B%7D&_=1547890708285
[运行时间：0.270142s] [吞吐率：3.70req/s] [内存消耗：3,866.90kb] [文件加载：87]
[ info ] [ BEHAVIOR ] Run Closure @app_init [ RunTime:0.000021s ]
[ info ] [ CACHE ] INIT File
[ info ] [ BEHAVIOR ] Run Closure @app_init [ RunTime:0.007558s ]
[ info ] [ LANG ] E:\honghai\fastadmin\thinkphp\lang\zh-cn.php
[ info ] [ ROUTE ] array (
  'type' => 'module',
  'module' => 
  array (
    0 => 'admin',
    1 => 'top',
    2 => 'index',
  ),
)
[ info ] [ HEADER ] array (
  'host' => 'honghai.admin.com',
  'user-agent' => 'Mozilla/5.0 (Windows NT 10.0; Win64; x64; rv:64.0) Gecko/20100101 Firefox/64.0',
  'accept' => 'application/json, text/javascript, */*; q=0.01',
  'accept-language' => 'zh-CN,zh;q=0.8,zh-TW;q=0.7,zh-HK;q=0.5,en-US;q=0.3,en;q=0.2',
  'accept-encoding' => 'gzip, deflate',
  'referer' => 'http://honghai.admin.com/admin/top?addtabs=1',
  'content-type' => 'application/json',
  'x-requested-with' => 'XMLHttpRequest',
  'connection' => 'keep-alive',
  'cookie' => 'Hm_lvt_f8d0a8c400404989e195270b0bbf060a=1547890696; Hm_lpvt_f8d0a8c400404989e195270b0bbf060a=1547890696; PHPSESSID=v88nrgt4n4j3nfo59v2k817kd1',
)
[ info ] [ PARAM ] array (
  'sort' => 'id',
  'order' => 'desc',
  'offset' => '0',
  'limit' => '10',
  'filter' => '{}',
  'op' => '{}',
  '_' => '1547890708285',
)
[ info ] [ LANG ] E:\honghai\fastadmin\public/../application/admin\lang\zh-cn.php
[ info ] [ BEHAVIOR ] Run app\common\behavior\Common @module_init [ RunTime:0.001293s ]
[ info ] [ SESSION ] INIT array (
  'id' => '',
  'var_session_id' => '',
  'prefix' => 'think',
  'type' => '',
  'auto_start' => true,
)
[ info ] [ DB ] INIT mysql
[ info ] [ LANG ] E:\honghai\fastadmin\public/../application/admin/lang/zh-cn/top.php
[ info ] [ RUN ] app\admin\controller\Top->index[ E:\honghai\fastadmin\application\admin\controller\Top.php ]
[ info ] [ BEHAVIOR ] Run app\admin\behavior\AdminLog @app_end [ RunTime:0.000145s ]
[ info ] [ LOG ] INIT File
[ sql ] [ DB ] CONNECT:[ UseTime:0.027160s ] mysql:host=47.107.238.113;port=3306;dbname=honghai;charset=utf8
[ sql ] [ SQL ] SHOW COLUMNS FROM `fa_auth_group_access` [ RunTime:0.021180s ]
[ sql ] [ SQL ] SELECT `aga`.`uid`,`aga`.`group_id`,`ag`.`id`,`ag`.`pid`,`ag`.`name`,`ag`.`rules` FROM `fa_auth_group_access` `aga` LEFT JOIN `fa_auth_group` `ag` ON `aga`.`group_id`=`ag`.`id` WHERE  (  aga.uid='1' and ag.status='normal' ) [ RunTime:0.018473s ]
[ sql ] [ SQL ] SHOW COLUMNS FROM `fa_auth_rule` [ RunTime:0.021724s ]
[ sql ] [ SQL ] SELECT `id`,`pid`,`condition`,`icon`,`name`,`title`,`ismenu` FROM `fa_auth_rule` WHERE  `status` = 'normal' [ RunTime:0.029059s ]
[ sql ] [ SQL ] SHOW COLUMNS FROM `fa_menu` [ RunTime:0.022468s ]
[ sql ] [ SQL ] SHOW COLUMNS FROM `fa_top` [ RunTime:0.020765s ]
[ sql ] [ SQL ] SELECT `top`.`id`,`top`.`menu_id`,`top`.`image`,`top`.`url`,`top`.`createtime`,menu.id AS menu__id,menu.title AS menu__title,menu.url AS menu__url,menu.image AS menu__image FROM `fa_top` `top` INNER JOIN `fa_menu` `menu` ON `top`.`menu_id`=`menu`.`id` ORDER BY `top`.`id` DESC LIMIT 0,10 [ RunTime:0.019502s ]
[ sql ] [ SQL ] SELECT COUNT(*) AS tp_count FROM `fa_top` `top` INNER JOIN `fa_menu` `menu` ON `top`.`menu_id`=`menu`.`id` ORDER BY `top`.`id` DESC LIMIT 1 [ RunTime:0.018279s ]
---------------------------------------------------------------
[ 2019-01-19T17:38:28+08:00 ] 127.0.0.1 GET honghai.admin.com/uploads/20190119/91d7978b68a17a6de7a86cce148ac972.jpg
[运行时间：0.020693s] [吞吐率：48.33req/s] [内存消耗：1,662.45kb] [文件加载：51]
[ info ] [ BEHAVIOR ] Run Closure @app_init [ RunTime:0.000031s ]
[ info ] [ CACHE ] INIT File
[ info ] [ BEHAVIOR ] Run Closure @app_init [ RunTime:0.003897s ]
[ info ] [ LANG ] E:\honghai\fastadmin\thinkphp\lang\zh-cn.php
[ info ] [ ROUTE ] array (
  'type' => 'module',
  'module' => 
  array (
    0 => 'uploads',
    1 => '20190119',
    2 => '91d7978b68a17a6de7a86cce148ac972.jpg',
  ),
)
[ info ] [ HEADER ] array (
  'host' => 'honghai.admin.com',
  'user-agent' => 'Mozilla/5.0 (Windows NT 10.0; Win64; x64; rv:64.0) Gecko/20100101 Firefox/64.0',
  'accept' => '*/*',
  'accept-language' => 'zh-CN,zh;q=0.8,zh-TW;q=0.7,zh-HK;q=0.5,en-US;q=0.3,en;q=0.2',
  'accept-encoding' => 'gzip, deflate',
  'referer' => 'http://honghai.admin.com/admin/top?addtabs=1',
  'connection' => 'keep-alive',
  'cookie' => 'Hm_lvt_f8d0a8c400404989e195270b0bbf060a=1547890696; Hm_lpvt_f8d0a8c400404989e195270b0bbf060a=1547890696; PHPSESSID=v88nrgt4n4j3nfo59v2k817kd1',
)
[ info ] [ PARAM ] array (
)
[ info ] [ LOG ] INIT File
---------------------------------------------------------------
[ 2019-01-19T17:38:53+08:00 ] 127.0.0.1 GET honghai.admin.com/admin/top/add?dialog=1
[运行时间：0.172861s] [吞吐率：5.78req/s] [内存消耗：3,912.74kb] [文件加载：83]
[ info ] [ BEHAVIOR ] Run Closure @app_init [ RunTime:0.000018s ]
[ info ] [ CACHE ] INIT File
[ info ] [ BEHAVIOR ] Run Closure @app_init [ RunTime:0.004526s ]
[ info ] [ LANG ] E:\honghai\fastadmin\thinkphp\lang\zh-cn.php
[ info ] [ ROUTE ] array (
  'type' => 'module',
  'module' => 
  array (
    0 => 'admin',
    1 => 'top',
    2 => 'add',
  ),
)
[ info ] [ HEADER ] array (
  'host' => 'honghai.admin.com',
  'user-agent' => 'Mozilla/5.0 (Windows NT 10.0; Win64; x64; rv:64.0) Gecko/20100101 Firefox/64.0',
  'accept' => 'text/html,application/xhtml+xml,application/xml;q=0.9,*/*;q=0.8',
  'accept-language' => 'zh-CN,zh;q=0.8,zh-TW;q=0.7,zh-HK;q=0.5,en-US;q=0.3,en;q=0.2',
  'accept-encoding' => 'gzip, deflate',
  'referer' => 'http://honghai.admin.com/admin/top?addtabs=1',
  'connection' => 'keep-alive',
  'cookie' => 'Hm_lvt_f8d0a8c400404989e195270b0bbf060a=1547890696; Hm_lpvt_f8d0a8c400404989e195270b0bbf060a=1547890696; PHPSESSID=v88nrgt4n4j3nfo59v2k817kd1',
  'upgrade-insecure-requests' => '1',
)
[ info ] [ PARAM ] array (
  'dialog' => '1',
)
[ info ] [ LANG ] E:\honghai\fastadmin\public/../application/admin\lang\zh-cn.php
[ info ] [ BEHAVIOR ] Run app\common\behavior\Common @module_init [ RunTime:0.001769s ]
[ info ] [ SESSION ] INIT array (
  'id' => '',
  'var_session_id' => '',
  'prefix' => 'think',
  'type' => '',
  'auto_start' => true,
)
[ info ] [ DB ] INIT mysql
[ info ] [ LANG ] E:\honghai\fastadmin\public/../application/admin/lang/zh-cn/top.php
[ info ] [ RUN ] controller\BasicAdmin->add[ E:\honghai\fastadmin\extend\controller\BasicAdmin.php ]
[ info ] [ VIEW ] E:\honghai\fastadmin\public/../application/admin\view\top\add.html [ array (
  0 => 'breadcrumb',
  1 => 'site',
  2 => 'config',
  3 => 'auth',
  4 => 'admin',
  5 => 'row',
) ]
[ info ] [ BEHAVIOR ] Run app\admin\behavior\AdminLog @app_end [ RunTime:0.000135s ]
[ info ] [ LOG ] INIT File
[ sql ] [ DB ] CONNECT:[ UseTime:0.020738s ] mysql:host=47.107.238.113;port=3306;dbname=honghai;charset=utf8
[ sql ] [ SQL ] SHOW COLUMNS FROM `fa_auth_group_access` [ RunTime:0.026520s ]
[ sql ] [ SQL ] SELECT `aga`.`uid`,`aga`.`group_id`,`ag`.`id`,`ag`.`pid`,`ag`.`name`,`ag`.`rules` FROM `fa_auth_group_access` `aga` LEFT JOIN `fa_auth_group` `ag` ON `aga`.`group_id`=`ag`.`id` WHERE  (  aga.uid='1' and ag.status='normal' ) [ RunTime:0.014102s ]
[ sql ] [ SQL ] SHOW COLUMNS FROM `fa_auth_rule` [ RunTime:0.017147s ]
[ sql ] [ SQL ] SELECT `id`,`pid`,`condition`,`icon`,`name`,`title`,`ismenu` FROM `fa_auth_rule` WHERE  `status` = 'normal' [ RunTime:0.021755s ]
---------------------------------------------------------------
[ 2019-01-19T17:38:54+08:00 ] 127.0.0.1 GET honghai.admin.com/admin/ajax/lang?callback=define&controllername=top&v=1547890733
[运行时间：0.026828s] [吞吐率：37.27req/s] [内存消耗：2,789.42kb] [文件加载：72]
[ info ] [ BEHAVIOR ] Run Closure @app_init [ RunTime:0.000015s ]
[ info ] [ CACHE ] INIT File
[ info ] [ BEHAVIOR ] Run Closure @app_init [ RunTime:0.003105s ]
[ info ] [ LANG ] E:\honghai\fastadmin\thinkphp\lang\zh-cn.php
[ info ] [ ROUTE ] array (
  'type' => 'module',
  'module' => 
  array (
    0 => 'admin',
    1 => 'ajax',
    2 => 'lang',
  ),
)
[ info ] [ HEADER ] array (
  'host' => 'honghai.admin.com',
  'user-agent' => 'Mozilla/5.0 (Windows NT 10.0; Win64; x64; rv:64.0) Gecko/20100101 Firefox/64.0',
  'accept' => '*/*',
  'accept-language' => 'zh-CN,zh;q=0.8,zh-TW;q=0.7,zh-HK;q=0.5,en-US;q=0.3,en;q=0.2',
  'accept-encoding' => 'gzip, deflate',
  'referer' => 'http://honghai.admin.com/admin/top/add?dialog=1',
  'connection' => 'keep-alive',
  'cookie' => 'Hm_lvt_f8d0a8c400404989e195270b0bbf060a=1547890696; Hm_lpvt_f8d0a8c400404989e195270b0bbf060a=1547890696; PHPSESSID=v88nrgt4n4j3nfo59v2k817kd1',
)
[ info ] [ PARAM ] array (
  'callback' => 'define',
  'controllername' => 'top',
  'v' => '1547890733',
)
[ info ] [ LANG ] E:\honghai\fastadmin\public/../application/admin\lang\zh-cn.php
[ info ] [ BEHAVIOR ] Run app\common\behavior\Common @module_init [ RunTime:0.001037s ]
[ info ] [ SESSION ] INIT array (
  'id' => '',
  'var_session_id' => '',
  'prefix' => 'think',
  'type' => '',
  'auto_start' => true,
)
[ info ] [ LANG ] E:\honghai\fastadmin\public/../application/admin/lang/zh-cn/ajax.php
[ info ] [ RUN ] app\admin\controller\Ajax->lang[ E:\honghai\fastadmin\application\admin\controller\Ajax.php ]
[ info ] [ LANG ] E:\honghai\fastadmin\public/../application/admin/lang/zh-cn/top.php
[ info ] [ BEHAVIOR ] Run app\admin\behavior\AdminLog @app_end [ RunTime:0.000122s ]
[ info ] [ LOG ] INIT File
---------------------------------------------------------------
[ 2019-01-19T17:39:02+08:00 ] 127.0.0.1 GET honghai.admin.com/admin/top/edit/ids/6?dialog=1
[运行时间：0.191561s] [吞吐率：5.22req/s] [内存消耗：3,888.54kb] [文件加载：83]
[ info ] [ BEHAVIOR ] Run Closure @app_init [ RunTime:0.000019s ]
[ info ] [ CACHE ] INIT File
[ info ] [ BEHAVIOR ] Run Closure @app_init [ RunTime:0.003214s ]
[ info ] [ LANG ] E:\honghai\fastadmin\thinkphp\lang\zh-cn.php
[ info ] [ ROUTE ] array (
  'type' => 'module',
  'module' => 
  array (
    0 => 'admin',
    1 => 'top',
    2 => 'edit',
  ),
)
[ info ] [ HEADER ] array (
  'host' => 'honghai.admin.com',
  'user-agent' => 'Mozilla/5.0 (Windows NT 10.0; Win64; x64; rv:64.0) Gecko/20100101 Firefox/64.0',
  'accept' => 'text/html,application/xhtml+xml,application/xml;q=0.9,*/*;q=0.8',
  'accept-language' => 'zh-CN,zh;q=0.8,zh-TW;q=0.7,zh-HK;q=0.5,en-US;q=0.3,en;q=0.2',
  'accept-encoding' => 'gzip, deflate',
  'referer' => 'http://honghai.admin.com/admin/top?addtabs=1',
  'connection' => 'keep-alive',
  'cookie' => 'Hm_lvt_f8d0a8c400404989e195270b0bbf060a=1547890696; Hm_lpvt_f8d0a8c400404989e195270b0bbf060a=1547890696; PHPSESSID=v88nrgt4n4j3nfo59v2k817kd1',
  'upgrade-insecure-requests' => '1',
)
[ info ] [ PARAM ] array (
  'dialog' => '1',
  'ids' => '6',
)
[ info ] [ LANG ] E:\honghai\fastadmin\public/../application/admin\lang\zh-cn.php
[ info ] [ BEHAVIOR ] Run app\common\behavior\Common @module_init [ RunTime:0.001276s ]
[ info ] [ SESSION ] INIT array (
  'id' => '',
  'var_session_id' => '',
  'prefix' => 'think',
  'type' => '',
  'auto_start' => true,
)
[ info ] [ DB ] INIT mysql
[ info ] [ LANG ] E:\honghai\fastadmin\public/../application/admin/lang/zh-cn/top.php
[ info ] [ RUN ] controller\BasicAdmin->edit[ E:\honghai\fastadmin\extend\controller\BasicAdmin.php ]
[ info ] [ VIEW ] E:\honghai\fastadmin\public/../application/admin\view\top\edit.html [ array (
  0 => 'breadcrumb',
  1 => 'site',
  2 => 'config',
  3 => 'auth',
  4 => 'admin',
  5 => 'row',
) ]
[ info ] [ BEHAVIOR ] Run app\admin\behavior\AdminLog @app_end [ RunTime:0.000145s ]
[ info ] [ LOG ] INIT File
[ sql ] [ DB ] CONNECT:[ UseTime:0.027809s ] mysql:host=47.107.238.113;port=3306;dbname=honghai;charset=utf8
[ sql ] [ SQL ] SHOW COLUMNS FROM `fa_auth_group_access` [ RunTime:0.019836s ]
[ sql ] [ SQL ] SELECT `aga`.`uid`,`aga`.`group_id`,`ag`.`id`,`ag`.`pid`,`ag`.`name`,`ag`.`rules` FROM `fa_auth_group_access` `aga` LEFT JOIN `fa_auth_group` `ag` ON `aga`.`group_id`=`ag`.`id` WHERE  (  aga.uid='1' and ag.status='normal' ) [ RunTime:0.017060s ]
[ sql ] [ SQL ] SHOW COLUMNS FROM `fa_auth_rule` [ RunTime:0.020017s ]
[ sql ] [ SQL ] SELECT `id`,`pid`,`condition`,`icon`,`name`,`title`,`ismenu` FROM `fa_auth_rule` WHERE  `status` = 'normal' [ RunTime:0.026514s ]
[ sql ] [ SQL ] SHOW COLUMNS FROM `fa_top` [ RunTime:0.019708s ]
[ sql ] [ SQL ] SELECT * FROM `fa_top` WHERE  `id` = 6 LIMIT 1 [ RunTime:0.017161s ]
---------------------------------------------------------------
[ 2019-01-19T17:39:02+08:00 ] 127.0.0.1 GET honghai.admin.com/admin/ajax/lang?callback=define&controllername=top&v=1547890742
[运行时间：0.041329s] [吞吐率：24.20req/s] [内存消耗：2,789.44kb] [文件加载：72]
[ info ] [ BEHAVIOR ] Run Closure @app_init [ RunTime:0.000040s ]
[ info ] [ CACHE ] INIT File
[ info ] [ BEHAVIOR ] Run Closure @app_init [ RunTime:0.004334s ]
[ info ] [ LANG ] E:\honghai\fastadmin\thinkphp\lang\zh-cn.php
[ info ] [ ROUTE ] array (
  'type' => 'module',
  'module' => 
  array (
    0 => 'admin',
    1 => 'ajax',
    2 => 'lang',
  ),
)
[ info ] [ HEADER ] array (
  'host' => 'honghai.admin.com',
  'user-agent' => 'Mozilla/5.0 (Windows NT 10.0; Win64; x64; rv:64.0) Gecko/20100101 Firefox/64.0',
  'accept' => '*/*',
  'accept-language' => 'zh-CN,zh;q=0.8,zh-TW;q=0.7,zh-HK;q=0.5,en-US;q=0.3,en;q=0.2',
  'accept-encoding' => 'gzip, deflate',
  'referer' => 'http://honghai.admin.com/admin/top/edit/ids/6?dialog=1',
  'connection' => 'keep-alive',
  'cookie' => 'Hm_lvt_f8d0a8c400404989e195270b0bbf060a=1547890696; Hm_lpvt_f8d0a8c400404989e195270b0bbf060a=1547890696; PHPSESSID=v88nrgt4n4j3nfo59v2k817kd1',
)
[ info ] [ PARAM ] array (
  'callback' => 'define',
  'controllername' => 'top',
  'v' => '1547890742',
)
[ info ] [ LANG ] E:\honghai\fastadmin\public/../application/admin\lang\zh-cn.php
[ info ] [ BEHAVIOR ] Run app\common\behavior\Common @module_init [ RunTime:0.001235s ]
[ info ] [ SESSION ] INIT array (
  'id' => '',
  'var_session_id' => '',
  'prefix' => 'think',
  'type' => '',
  'auto_start' => true,
)
[ info ] [ LANG ] E:\honghai\fastadmin\public/../application/admin/lang/zh-cn/ajax.php
[ info ] [ RUN ] app\admin\controller\Ajax->lang[ E:\honghai\fastadmin\application\admin\controller\Ajax.php ]
[ info ] [ LANG ] E:\honghai\fastadmin\public/../application/admin/lang/zh-cn/top.php
[ info ] [ BEHAVIOR ] Run app\admin\behavior\AdminLog @app_end [ RunTime:0.000295s ]
[ info ] [ LOG ] INIT File
---------------------------------------------------------------
[ 2019-01-19T17:39:02+08:00 ] 127.0.0.1 GET honghai.admin.com/uploads/20190119/91d7978b68a17a6de7a86cce148ac972.jpg
[运行时间：0.020730s] [吞吐率：48.24req/s] [内存消耗：1,662.47kb] [文件加载：51]
[ info ] [ BEHAVIOR ] Run Closure @app_init [ RunTime:0.000019s ]
[ info ] [ CACHE ] INIT File
[ info ] [ BEHAVIOR ] Run Closure @app_init [ RunTime:0.003621s ]
[ info ] [ LANG ] E:\honghai\fastadmin\thinkphp\lang\zh-cn.php
[ info ] [ ROUTE ] array (
  'type' => 'module',
  'module' => 
  array (
    0 => 'uploads',
    1 => '20190119',
    2 => '91d7978b68a17a6de7a86cce148ac972.jpg',
  ),
)
[ info ] [ HEADER ] array (
  'host' => 'honghai.admin.com',
  'user-agent' => 'Mozilla/5.0 (Windows NT 10.0; Win64; x64; rv:64.0) Gecko/20100101 Firefox/64.0',
  'accept' => '*/*',
  'accept-language' => 'zh-CN,zh;q=0.8,zh-TW;q=0.7,zh-HK;q=0.5,en-US;q=0.3,en;q=0.2',
  'accept-encoding' => 'gzip, deflate',
  'referer' => 'http://honghai.admin.com/admin/top/edit/ids/6?dialog=1',
  'connection' => 'keep-alive',
  'cookie' => 'Hm_lvt_f8d0a8c400404989e195270b0bbf060a=1547890696; Hm_lpvt_f8d0a8c400404989e195270b0bbf060a=1547890696; PHPSESSID=v88nrgt4n4j3nfo59v2k817kd1',
)
[ info ] [ PARAM ] array (
)
[ info ] [ LOG ] INIT File
---------------------------------------------------------------
[ 2019-01-19T17:39:03+08:00 ] 127.0.0.1 POST honghai.admin.com/admin/menu/index
[运行时间：0.286966s] [吞吐率：3.48req/s] [内存消耗：3,684.79kb] [文件加载：81]
[ info ] [ BEHAVIOR ] Run Closure @app_init [ RunTime:0.000016s ]
[ info ] [ CACHE ] INIT File
[ info ] [ BEHAVIOR ] Run Closure @app_init [ RunTime:0.002973s ]
[ info ] [ LANG ] E:\honghai\fastadmin\thinkphp\lang\zh-cn.php
[ info ] [ ROUTE ] array (
  'type' => 'module',
  'module' => 
  array (
    0 => 'admin',
    1 => 'menu',
    2 => 'index',
  ),
)
[ info ] [ HEADER ] array (
  'host' => 'honghai.admin.com',
  'user-agent' => 'Mozilla/5.0 (Windows NT 10.0; Win64; x64; rv:64.0) Gecko/20100101 Firefox/64.0',
  'accept' => 'application/json, text/javascript, */*; q=0.01',
  'accept-language' => 'zh-CN,zh;q=0.8,zh-TW;q=0.7,zh-HK;q=0.5,en-US;q=0.3,en;q=0.2',
  'accept-encoding' => 'gzip, deflate',
  'referer' => 'http://honghai.admin.com/admin/top/edit/ids/6?dialog=1',
  'content-type' => 'application/x-www-form-urlencoded; charset=UTF-8',
  'x-requested-with' => 'XMLHttpRequest',
  'content-length' => '157',
  'connection' => 'keep-alive',
  'cookie' => 'Hm_lvt_f8d0a8c400404989e195270b0bbf060a=1547890696; Hm_lpvt_f8d0a8c400404989e195270b0bbf060a=1547890696; PHPSESSID=v88nrgt4n4j3nfo59v2k817kd1',
)
[ info ] [ PARAM ] array (
  'searchTable' => 'tbl',
  'searchKey' => 'id',
  'searchValue' => '6',
  'orderBy' => 
  array (
    0 => 
    array (
      0 => 'title',
      1 => 'ASC',
    ),
  ),
  'showField' => 'title',
  'keyField' => 'id',
  'keyValue' => '6',
  'searchField' => 
  array (
    0 => 'title',
  ),
)
[ info ] [ LANG ] E:\honghai\fastadmin\public/../application/admin\lang\zh-cn.php
[ info ] [ BEHAVIOR ] Run app\common\behavior\Common @module_init [ RunTime:0.001304s ]
[ info ] [ SESSION ] INIT array (
  'id' => '',
  'var_session_id' => '',
  'prefix' => 'think',
  'type' => '',
  'auto_start' => true,
)
[ info ] [ DB ] INIT mysql
[ info ] [ LANG ] E:\honghai\fastadmin\public/../application/admin/lang/zh-cn/menu.php
[ info ] [ RUN ] app\common\controller\Backend->index[ E:\honghai\fastadmin\application\admin\library\traits\Backend.php ]
[ info ] [ BEHAVIOR ] Run app\admin\behavior\AdminLog @app_end [ RunTime:0.051723s ]
[ info ] [ LOG ] INIT File
[ sql ] [ DB ] CONNECT:[ UseTime:0.029569s ] mysql:host=47.107.238.113;port=3306;dbname=honghai;charset=utf8
[ sql ] [ SQL ] SHOW COLUMNS FROM `fa_auth_group_access` [ RunTime:0.027017s ]
[ sql ] [ SQL ] SELECT `aga`.`uid`,`aga`.`group_id`,`ag`.`id`,`ag`.`pid`,`ag`.`name`,`ag`.`rules` FROM `fa_auth_group_access` `aga` LEFT JOIN `fa_auth_group` `ag` ON `aga`.`group_id`=`ag`.`id` WHERE  (  aga.uid='1' and ag.status='normal' ) [ RunTime:0.020505s ]
[ sql ] [ SQL ] SHOW COLUMNS FROM `fa_auth_rule` [ RunTime:0.023462s ]
[ sql ] [ SQL ] SELECT `id`,`pid`,`condition`,`icon`,`name`,`title`,`ismenu` FROM `fa_auth_rule` WHERE  `status` = 'normal' [ RunTime:0.031459s ]
[ sql ] [ SQL ] SHOW COLUMNS FROM `fa_menu` [ RunTime:0.026639s ]
[ sql ] [ SQL ] SELECT COUNT(*) AS tp_count FROM `fa_menu` WHERE  `id` IN (6) LIMIT 1 [ RunTime:0.019770s ]
[ sql ] [ SQL ] SELECT * FROM `fa_menu` WHERE  `id` IN (6) ORDER BY `title` ASC LIMIT 0,20 [ RunTime:0.019361s ]
[ sql ] [ SQL ] SHOW COLUMNS FROM `fa_admin_log` [ RunTime:0.022120s ]
[ sql ] [ SQL ] INSERT INTO `fa_admin_log` (`title` , `content` , `url` , `admin_id` , `username` , `useragent` , `ip` , `createtime`) VALUES ('导航栏 菜单 查看' , '{\"searchTable\":\"tbl\",\"searchKey\":\"id\",\"searchValue\":\"6\",\"orderBy\":[[\"title\",\"ASC\"]],\"showField\":\"title\",\"keyField\":\"id\",\"keyValue\":\"6\",\"searchField\":[\"title\"]}' , '/admin/menu/index' , 1 , 'admin' , 'Mozilla/5.0 (Windows NT 10.0; Win64; x64; rv:64.0) Gecko/20100101 Firefox/64.0' , '127.0.0.1' , 1547890743) [ RunTime:0.028485s ]
---------------------------------------------------------------
[ 2019-01-19T17:39:07+08:00 ] 127.0.0.1 GET honghai.admin.com/
[运行时间：0.032262s] [吞吐率：31.00req/s] [内存消耗：2,554.17kb] [文件加载：66]
[ info ] [ BEHAVIOR ] Run Closure @app_init [ RunTime:0.000019s ]
[ info ] [ CACHE ] INIT File
[ info ] [ BEHAVIOR ] Run Closure @app_init [ RunTime:0.003838s ]
[ info ] [ LANG ] E:\honghai\fastadmin\thinkphp\lang\zh-cn.php
[ info ] [ ROUTE ] array (
  'type' => 'module',
  'module' => 
  array (
    0 => '',
    1 => NULL,
    2 => NULL,
  ),
)
[ info ] [ HEADER ] array (
  'host' => 'honghai.admin.com',
  'user-agent' => 'Mozilla/5.0 (Windows NT 10.0; Win64; x64; rv:64.0) Gecko/20100101 Firefox/64.0',
  'accept' => 'text/html,application/xhtml+xml,application/xml;q=0.9,*/*;q=0.8',
  'accept-language' => 'zh-CN,zh;q=0.8,zh-TW;q=0.7,zh-HK;q=0.5,en-US;q=0.3,en;q=0.2',
  'accept-encoding' => 'gzip, deflate',
  'dnt' => '1',
  'connection' => 'keep-alive',
  'upgrade-insecure-requests' => '1',
  'pragma' => 'no-cache',
  'cache-control' => 'no-cache',
)
[ info ] [ PARAM ] array (
)
[ info ] [ LANG ] E:\honghai\fastadmin\public/../application/index\lang\zh-cn.php
[ info ] [ BEHAVIOR ] Run app\common\behavior\Common @module_init [ RunTime:0.001334s ]
[ info ] [ LANG ] E:\honghai\fastadmin\public/../application/index/lang/zh-cn/index.php
[ info ] [ RUN ] app\index\controller\Index->index[ E:\honghai\fastadmin\application\index\controller\Index.php ]
[ info ] [ VIEW ] E:\honghai\fastadmin\public/../application/index\view\index\index.html [ array (
  0 => 'user',
  1 => 'site',
  2 => 'config',
) ]
[ info ] [ LOG ] INIT File
---------------------------------------------------------------
[ 2019-01-19T17:39:07+08:00 ] 127.0.0.1 GET honghai.admin.com/favicon.ico
[运行时间：0.048829s] [吞吐率：20.48req/s] [内存消耗：1,661.95kb] [文件加载：51]
[ info ] [ BEHAVIOR ] Run Closure @app_init [ RunTime:0.000029s ]
[ info ] [ CACHE ] INIT File
[ info ] [ BEHAVIOR ] Run Closure @app_init [ RunTime:0.005387s ]
[ info ] [ LANG ] E:\honghai\fastadmin\thinkphp\lang\zh-cn.php
[ info ] [ ROUTE ] array (
  'type' => 'module',
  'module' => 
  array (
    0 => 'favicon.ico',
    1 => NULL,
    2 => NULL,
  ),
)
[ info ] [ HEADER ] array (
  'host' => 'honghai.admin.com',
  'user-agent' => 'Mozilla/5.0 (Windows NT 10.0; Win64; x64; rv:64.0) Gecko/20100101 Firefox/64.0',
  'accept' => 'text/html,application/xhtml+xml,application/xml;q=0.9,*/*;q=0.8',
  'accept-language' => 'zh-CN,zh;q=0.8,zh-TW;q=0.7,zh-HK;q=0.5,en-US;q=0.3,en;q=0.2',
  'accept-encoding' => 'gzip, deflate',
  'dnt' => '1',
  'connection' => 'keep-alive',
  'pragma' => 'no-cache',
  'cache-control' => 'no-cache',
)
[ info ] [ PARAM ] array (
)
[ info ] [ LOG ] INIT File
